Arguments: 
  C:\Program Files\nodejs\node.exe C:\Program Files\nodejs\node_modules\yarn\bin\yarn.js add moki-editor -D

PATH: 
  C:\Windows\system32;C:\Windows;C:\Windows\System32\Wbem;C:\Windows\System32\WindowsPowerShell\v1.0\;C:\Windows\System32\OpenSSH\;C:\Program Files (x86)\NVIDIA Corporation\PhysX\Common;C:\Program Files\NVIDIA Corporation\NVIDIA NvDLISR;C:\Users\Administrator\AppData\Roaming\nvm;C:\Program Files\nodejs;C:\Program Files\Git\cmd;C:\Users\Administrator\AppData\Local\Microsoft\WindowsApps;C:\Users\Administrator\AppData\Roaming\nvm;C:\Program Files\nodejs;C:\Program Files\JetBrains\WebStorm 2023.1.2\bin;;C:\Users\Administrator\AppData\Local\Programs\Microsoft VS Code\bin;D:\Projects\Moki-Docus\node_modules\.bin

Yarn version: 
  1.22.19

Node version: 
  18.16.0

Platform: 
  win32 x64

Trace: 
  Error: ENOENT: no such file or directory, copyfile 'C:\Users\Administrator\AppData\Local\Yarn\Cache\v6\npm-get-stream-6.0.1-a262d8eef67aced57c2852ad6167526a43cbf7b7-integrity\node_modules\get-stream\buffer-stream.js' -> 'D:\Projects\Moki-Docus\node_modules\lint-staged\node_modules\get-stream\buffer-stream.js'

npm manifest: 
  {
    "name": "moki-docus",
    "version": "0.0.1",
    "description": "Moki Docus",
    "scripts": {
      "start": "npm run dev",
      "dev": "dumi dev",
      "build": "dumi build",
      "prepare": "husky install && dumi setup"
    },
    "authors": [
      "ClearLuvMoki 2893096286@qq.com"
    ],
    "license": "MIT",
    "commitlint": {
      "extends": [
        "@commitlint/config-conventional"
      ]
    },
    "lint-staged": {
      "*.{md,json}": [
        "prettier --write --no-error-on-unmatched-pattern"
      ]
    },
    "devDependencies": {
      "@commitlint/cli": "^17.6.6",
      "@commitlint/config-conventional": "^17.6.6",
      "dumi": "^2.2.1",
      "husky": "^8.0.3",
      "lint-staged": "^13.2.2",
      "prettier": "^2.8.8"
    }
  }

yarn manifest: 
  No manifest

Lockfile: 
  No lockfile
